<?xml version="1.0" encoding="UTF-8"?>
<testng-results ignored="0" total="5" passed="4" failed="1" skipped="0">
  <reporter-output>
  </reporter-output>
  <suite started-at="2022-12-31T19:59:25 IST" name="Suite" finished-at="2022-12-31T20:01:37 IST" duration-ms="131801">
    <groups>
    </groups>
    <test started-at="2022-12-31T19:59:25 IST" name="orange" finished-at="2022-12-31T20:01:37 IST" duration-ms="131801">
      <class name="jt.test.loginOrangeTest">
        <test-method is-config="true" signature="getdriver()[pri:0, instance:jt.test.loginOrangeTest@4d098f9b]" started-at="2022-12-31T19:59:25 IST" name="getdriver" finished-at="2022-12-31T19:59:53 IST" duration-ms="27289" status="PASS">
          <reporter-output>
          </reporter-output>
        </test-method> <!-- getdriver -->
        <test-method signature="verifyContentOnLoginPage()[pri:0, instance:jt.test.loginOrangeTest@4d098f9b]" started-at="2022-12-31T19:59:53 IST" name="verifyContentOnLoginPage" finished-at="2022-12-31T19:59:55 IST" duration-ms="1743" status="FAIL">
          <exception class="java.lang.AssertionError">
            <message>
              <![CDATA[The following asserts failed:
Verify the hero image expected [true] but found [false]]]>
            </message>
            <full-stacktrace>
              <![CDATA[java.lang.AssertionError: The following asserts failed:
Verify the hero image expected [true] but found [false]
at org.testng.asserts.SoftAssert.assertAll(SoftAssert.java:47)
at org.testng.asserts.SoftAssert.assertAll(SoftAssert.java:31)
at jt.test.loginOrangeTest.verifyContentOnLoginPage(loginOrangeTest.java:41)
at java.base/jdk.internal.reflect.NativeMethodAccessorImpl.invoke0(Native Method)
at java.base/jdk.internal.reflect.NativeMethodAccessorImpl.invoke(NativeMethodAccessorImpl.java:77)
at java.base/jdk.internal.reflect.DelegatingMethodAccessorImpl.invoke(DelegatingMethodAccessorImpl.java:43)
at java.base/java.lang.reflect.Method.invoke(Method.java:568)
at org.testng.internal.MethodInvocationHelper.invokeMethod(MethodInvocationHelper.java:134)
at org.testng.internal.TestInvoker.invokeMethod(TestInvoker.java:597)
at org.testng.internal.TestInvoker.invokeTestMethod(TestInvoker.java:173)
at org.testng.internal.MethodRunner.runInSequence(MethodRunner.java:46)
at org.testng.internal.TestInvoker$MethodInvocationAgent.invoke(TestInvoker.java:816)
at org.testng.internal.TestInvoker.invokeTestMethods(TestInvoker.java:146)
at org.testng.internal.TestMethodWorker.invokeTestMethods(TestMethodWorker.java:146)
at org.testng.internal.TestMethodWorker.run(TestMethodWorker.java:128)
at java.base/java.util.ArrayList.forEach(ArrayList.java:1511)
at org.testng.TestRunner.privateRun(TestRunner.java:766)
at org.testng.TestRunner.run(TestRunner.java:587)
at org.testng.SuiteRunner.runTest(SuiteRunner.java:384)
at org.testng.SuiteRunner.access$000(SuiteRunner.java:28)
at org.testng.SuiteRunner$SuiteWorker.run(SuiteRunner.java:425)
at org.testng.internal.thread.ThreadUtil.lambda$execute$0(ThreadUtil.java:68)
at java.base/java.util.concurrent.FutureTask.run(FutureTask.java:264)
at java.base/java.util.concurrent.ThreadPoolExecutor.runWorker(ThreadPoolExecutor.java:1136)
at java.base/java.util.concurrent.ThreadPoolExecutor$Worker.run(ThreadPoolExecutor.java:635)
at java.base/java.lang.Thread.run(Thread.java:833)
]]>
            </full-stacktrace>
          </exception> <!-- java.lang.AssertionError -->
          <reporter-output>
          </reporter-output>
        </test-method> <!-- verifyContentOnLoginPage -->
        <test-method is-config="true" signature="quiteBrowser()[pri:0, instance:jt.test.loginOrangeTest@4d098f9b]" started-at="2022-12-31T19:59:55 IST" name="quiteBrowser" finished-at="2022-12-31T19:59:56 IST" duration-ms="1278" status="PASS">
          <reporter-output>
          </reporter-output>
        </test-method> <!-- quiteBrowser -->
        <test-method is-config="true" signature="getdriver()[pri:0, instance:jt.test.loginOrangeTest@4d098f9b]" started-at="2022-12-31T19:59:56 IST" name="getdriver" finished-at="2022-12-31T20:00:21 IST" duration-ms="24397" status="PASS">
          <reporter-output>
          </reporter-output>
        </test-method> <!-- getdriver -->
        <test-method signature="verifyInvalideCredentianal(java.lang.String, java.lang.String)[pri:0, instance:jt.test.loginOrangeTest@4d098f9b]" started-at="2022-12-31T20:00:21 IST" name="verifyInvalideCredentianal" data-provider="rangeWith2DArray" finished-at="2022-12-31T20:00:25 IST" duration-ms="4412" status="PASS">
          <params>
            <param index="0">
              <value>
                <![CDATA[Admin]]>
              </value>
            </param>
            <param index="1">
              <value>
                <![CDATA[admin1234]]>
              </value>
            </param>
          </params>
          <reporter-output>
          </reporter-output>
        </test-method> <!-- verifyInvalideCredentianal -->
        <test-method is-config="true" signature="quiteBrowser()[pri:0, instance:jt.test.loginOrangeTest@4d098f9b]" started-at="2022-12-31T20:00:25 IST" name="quiteBrowser" finished-at="2022-12-31T20:00:27 IST" duration-ms="1695" status="PASS">
          <reporter-output>
          </reporter-output>
        </test-method> <!-- quiteBrowser -->
        <test-method is-config="true" signature="getdriver()[pri:0, instance:jt.test.loginOrangeTest@4d098f9b]" started-at="2022-12-31T20:00:27 IST" name="getdriver" finished-at="2022-12-31T20:00:53 IST" duration-ms="26180" status="PASS">
          <reporter-output>
          </reporter-output>
        </test-method> <!-- getdriver -->
        <test-method signature="verifyInvalideCredentianal(java.lang.String, java.lang.String)[pri:0, instance:jt.test.loginOrangeTest@4d098f9b]" started-at="2022-12-31T20:00:53 IST" name="verifyInvalideCredentianal" data-provider="rangeWith2DArray" finished-at="2022-12-31T20:01:02 IST" duration-ms="9375" status="PASS">
          <params>
            <param index="0">
              <value>
                <![CDATA[admin10]]>
              </value>
            </param>
            <param index="1">
              <value>
                <![CDATA[admin123]]>
              </value>
            </param>
          </params>
          <reporter-output>
          </reporter-output>
        </test-method> <!-- verifyInvalideCredentianal -->
        <test-method is-config="true" signature="quiteBrowser()[pri:0, instance:jt.test.loginOrangeTest@4d098f9b]" started-at="2022-12-31T20:01:02 IST" name="quiteBrowser" finished-at="2022-12-31T20:01:04 IST" duration-ms="1303" status="PASS">
          <reporter-output>
          </reporter-output>
        </test-method> <!-- quiteBrowser -->
        <test-method is-config="true" signature="getdriver()[pri:0, instance:jt.test.loginOrangeTest@4d098f9b]" started-at="2022-12-31T20:01:04 IST" name="getdriver" finished-at="2022-12-31T20:01:16 IST" duration-ms="12370" status="PASS">
          <reporter-output>
          </reporter-output>
        </test-method> <!-- getdriver -->
        <test-method signature="verifyInvalideCredentianal(java.lang.String, java.lang.String)[pri:0, instance:jt.test.loginOrangeTest@4d098f9b]" started-at="2022-12-31T20:01:16 IST" name="verifyInvalideCredentianal" data-provider="rangeWith2DArray" finished-at="2022-12-31T20:01:19 IST" duration-ms="3135" status="PASS">
          <params>
            <param index="0">
              <value>
                <![CDATA[admin20]]>
              </value>
            </param>
            <param index="1">
              <value>
                <![CDATA[admin220]]>
              </value>
            </param>
          </params>
          <reporter-output>
          </reporter-output>
        </test-method> <!-- verifyInvalideCredentianal -->
        <test-method is-config="true" signature="quiteBrowser()[pri:0, instance:jt.test.loginOrangeTest@4d098f9b]" started-at="2022-12-31T20:01:19 IST" name="quiteBrowser" finished-at="2022-12-31T20:01:21 IST" duration-ms="1514" status="PASS">
          <reporter-output>
          </reporter-output>
        </test-method> <!-- quiteBrowser -->
      </class> <!-- jt.test.loginOrangeTest -->
      <class name="jt.test.DashboardTest">
        <test-method is-config="true" signature="getdriver()[pri:0, instance:jt.test.DashboardTest@2dbf4cbd]" started-at="2022-12-31T20:01:21 IST" name="getdriver" finished-at="2022-12-31T20:01:33 IST" duration-ms="11965" status="PASS">
          <reporter-output>
          </reporter-output>
        </test-method> <!-- getdriver -->
        <test-method signature="verifyUserAccount()[pri:0, instance:jt.test.DashboardTest@2dbf4cbd]" started-at="2022-12-31T20:01:33 IST" name="verifyUserAccount" finished-at="2022-12-31T20:01:36 IST" duration-ms="3174" status="PASS">
          <reporter-output>
          </reporter-output>
        </test-method> <!-- verifyUserAccount -->
        <test-method is-config="true" signature="quiteBrowser()[pri:0, instance:jt.test.DashboardTest@2dbf4cbd]" started-at="2022-12-31T20:01:36 IST" name="quiteBrowser" finished-at="2022-12-31T20:01:37 IST" duration-ms="1368" status="PASS">
          <reporter-output>
          </reporter-output>
        </test-method> <!-- quiteBrowser -->
      </class> <!-- jt.test.DashboardTest -->
    </test> <!-- orange -->
  </suite> <!-- Suite -->
</testng-results>
