<?xml version="1.0" encoding="UTF-8"?>
<testng-results ignored="0" total="5" passed="4" failed="1" skipped="0">
  <reporter-output>
  </reporter-output>
  <suite started-at="2022-12-27T00:09:41 IST" name="Suite" finished-at="2022-12-27T00:11:15 IST" duration-ms="93814">
    <groups>
    </groups>
    <test started-at="2022-12-27T00:09:41 IST" name="orange" finished-at="2022-12-27T00:11:15 IST" duration-ms="93814">
      <class name="jt.test.loginOrangeTest">
        <test-method is-config="true" signature="getdriver()[pri:0, instance:jt.test.loginOrangeTest@5fcacc0]" started-at="2022-12-27T00:09:42 IST" name="getdriver" finished-at="2022-12-27T00:10:00 IST" duration-ms="18779" status="PASS">
          <reporter-output>
          </reporter-output>
        </test-method> <!-- getdriver -->
        <test-method signature="verifyContentOnLoginPage()[pri:0, instance:jt.test.loginOrangeTest@5fcacc0]" started-at="2022-12-27T00:10:00 IST" name="verifyContentOnLoginPage" finished-at="2022-12-27T00:10:01 IST" duration-ms="959" status="FAIL">
          <exception class="java.lang.AssertionError">
            <message>
              <![CDATA[The following asserts failed:
Verify the hero image expected [true] but found [false]]]>
            </message>
            <full-stacktrace>
              <![CDATA[java.lang.AssertionError: The following asserts failed:
Verify the hero image expected [true] but found [false]
at org.testng.asserts.SoftAssert.assertAll(SoftAssert.java:47)
at org.testng.asserts.SoftAssert.assertAll(SoftAssert.java:31)
at jt.test.loginOrangeTest.verifyContentOnLoginPage(loginOrangeTest.java:41)
at java.base/jdk.internal.reflect.NativeMethodAccessorImpl.invoke0(Native Method)
at java.base/jdk.internal.reflect.NativeMethodAccessorImpl.invoke(NativeMethodAccessorImpl.java:77)
at java.base/jdk.internal.reflect.DelegatingMethodAccessorImpl.invoke(DelegatingMethodAccessorImpl.java:43)
at java.base/java.lang.reflect.Method.invoke(Method.java:568)
at org.testng.internal.MethodInvocationHelper.invokeMethod(MethodInvocationHelper.java:133)
at org.testng.internal.TestInvoker.invokeMethod(TestInvoker.java:598)
at org.testng.internal.TestInvoker.invokeTestMethod(TestInvoker.java:173)
at org.testng.internal.MethodRunner.runInSequence(MethodRunner.java:46)
at org.testng.internal.TestInvoker$MethodInvocationAgent.invoke(TestInvoker.java:824)
at org.testng.internal.TestInvoker.invokeTestMethods(TestInvoker.java:146)
at org.testng.internal.TestMethodWorker.invokeTestMethods(TestMethodWorker.java:146)
at org.testng.internal.TestMethodWorker.run(TestMethodWorker.java:128)
at java.base/java.util.ArrayList.forEach(ArrayList.java:1511)
at org.testng.TestRunner.privateRun(TestRunner.java:794)
at org.testng.TestRunner.run(TestRunner.java:596)
at org.testng.SuiteRunner.runTest(SuiteRunner.java:377)
at org.testng.SuiteRunner.access$000(SuiteRunner.java:28)
at org.testng.SuiteRunner$SuiteWorker.run(SuiteRunner.java:418)
at org.testng.internal.thread.ThreadUtil.lambda$execute$0(ThreadUtil.java:64)
at java.base/java.util.concurrent.FutureTask.run(FutureTask.java:264)
at java.base/java.util.concurrent.ThreadPoolExecutor.runWorker(ThreadPoolExecutor.java:1136)
at java.base/java.util.concurrent.ThreadPoolExecutor$Worker.run(ThreadPoolExecutor.java:635)
at java.base/java.lang.Thread.run(Thread.java:833)
]]>
            </full-stacktrace>
          </exception> <!-- java.lang.AssertionError -->
          <reporter-output>
          </reporter-output>
        </test-method> <!-- verifyContentOnLoginPage -->
        <test-method is-config="true" signature="quiteBrowser()[pri:0, instance:jt.test.loginOrangeTest@5fcacc0]" started-at="2022-12-27T00:10:01 IST" name="quiteBrowser" finished-at="2022-12-27T00:10:03 IST" duration-ms="1171" status="PASS">
          <reporter-output>
          </reporter-output>
        </test-method> <!-- quiteBrowser -->
        <test-method is-config="true" signature="getdriver()[pri:0, instance:jt.test.loginOrangeTest@5fcacc0]" started-at="2022-12-27T00:10:03 IST" name="getdriver" finished-at="2022-12-27T00:10:16 IST" duration-ms="13749" status="PASS">
          <reporter-output>
          </reporter-output>
        </test-method> <!-- getdriver -->
        <test-method signature="verifyInvalideCredentianal(java.lang.String,java.lang.String)[pri:0, instance:jt.test.loginOrangeTest@5fcacc0]" started-at="2022-12-27T00:10:16 IST" name="verifyInvalideCredentianal" data-provider="rangeWith2DArray" finished-at="2022-12-27T00:10:19 IST" duration-ms="3046" status="PASS">
          <params>
            <param index="0">
              <value>
                <![CDATA[Admin]]>
              </value>
            </param>
            <param index="1">
              <value>
                <![CDATA[admin1234]]>
              </value>
            </param>
          </params>
          <reporter-output>
          </reporter-output>
        </test-method> <!-- verifyInvalideCredentianal -->
        <test-method is-config="true" signature="quiteBrowser()[pri:0, instance:jt.test.loginOrangeTest@5fcacc0]" started-at="2022-12-27T00:10:19 IST" name="quiteBrowser" finished-at="2022-12-27T00:10:21 IST" duration-ms="1274" status="PASS">
          <reporter-output>
          </reporter-output>
        </test-method> <!-- quiteBrowser -->
        <test-method is-config="true" signature="getdriver()[pri:0, instance:jt.test.loginOrangeTest@5fcacc0]" started-at="2022-12-27T00:10:21 IST" name="getdriver" finished-at="2022-12-27T00:10:33 IST" duration-ms="12766" status="PASS">
          <reporter-output>
          </reporter-output>
        </test-method> <!-- getdriver -->
        <test-method signature="verifyInvalideCredentianal(java.lang.String,java.lang.String)[pri:0, instance:jt.test.loginOrangeTest@5fcacc0]" started-at="2022-12-27T00:10:33 IST" name="verifyInvalideCredentianal" data-provider="rangeWith2DArray" finished-at="2022-12-27T00:10:37 IST" duration-ms="3079" status="PASS">
          <params>
            <param index="0">
              <value>
                <![CDATA[admin10]]>
              </value>
            </param>
            <param index="1">
              <value>
                <![CDATA[admin123]]>
              </value>
            </param>
          </params>
          <reporter-output>
          </reporter-output>
        </test-method> <!-- verifyInvalideCredentianal -->
        <test-method is-config="true" signature="quiteBrowser()[pri:0, instance:jt.test.loginOrangeTest@5fcacc0]" started-at="2022-12-27T00:10:37 IST" name="quiteBrowser" finished-at="2022-12-27T00:10:38 IST" duration-ms="1313" status="PASS">
          <reporter-output>
          </reporter-output>
        </test-method> <!-- quiteBrowser -->
        <test-method is-config="true" signature="getdriver()[pri:0, instance:jt.test.loginOrangeTest@5fcacc0]" started-at="2022-12-27T00:10:38 IST" name="getdriver" finished-at="2022-12-27T00:10:52 IST" duration-ms="13983" status="PASS">
          <reporter-output>
          </reporter-output>
        </test-method> <!-- getdriver -->
        <test-method signature="verifyInvalideCredentianal(java.lang.String,java.lang.String)[pri:0, instance:jt.test.loginOrangeTest@5fcacc0]" started-at="2022-12-27T00:10:52 IST" name="verifyInvalideCredentianal" data-provider="rangeWith2DArray" finished-at="2022-12-27T00:10:56 IST" duration-ms="4209" status="PASS">
          <params>
            <param index="0">
              <value>
                <![CDATA[admin20]]>
              </value>
            </param>
            <param index="1">
              <value>
                <![CDATA[admin220]]>
              </value>
            </param>
          </params>
          <reporter-output>
          </reporter-output>
        </test-method> <!-- verifyInvalideCredentianal -->
        <test-method is-config="true" signature="quiteBrowser()[pri:0, instance:jt.test.loginOrangeTest@5fcacc0]" started-at="2022-12-27T00:10:56 IST" name="quiteBrowser" finished-at="2022-12-27T00:10:57 IST" duration-ms="1211" status="PASS">
          <reporter-output>
          </reporter-output>
        </test-method> <!-- quiteBrowser -->
      </class> <!-- jt.test.loginOrangeTest -->
      <class name="jt.test.DashboardTest">
        <test-method is-config="true" signature="getdriver()[pri:0, instance:jt.test.DashboardTest@1568159]" started-at="2022-12-27T00:10:57 IST" name="getdriver" finished-at="2022-12-27T00:11:10 IST" duration-ms="12686" status="PASS">
          <reporter-output>
          </reporter-output>
        </test-method> <!-- getdriver -->
        <test-method signature="verifyUserAccount()[pri:0, instance:jt.test.DashboardTest@1568159]" started-at="2022-12-27T00:11:10 IST" name="verifyUserAccount" finished-at="2022-12-27T00:11:14 IST" duration-ms="4092" status="PASS">
          <reporter-output>
          </reporter-output>
        </test-method> <!-- verifyUserAccount -->
        <test-method is-config="true" signature="quiteBrowser()[pri:0, instance:jt.test.DashboardTest@1568159]" started-at="2022-12-27T00:11:14 IST" name="quiteBrowser" finished-at="2022-12-27T00:11:15 IST" duration-ms="1191" status="PASS">
          <reporter-output>
          </reporter-output>
        </test-method> <!-- quiteBrowser -->
      </class> <!-- jt.test.DashboardTest -->
    </test> <!-- orange -->
  </suite> <!-- Suite -->
</testng-results>
